{
  "uid" : "7d78407d021de5d6",
  "name" : "test_qy_article_1_linux",
  "fullName" : "case.app_case.test_query_artical.TestQueryAritcal#test_qy_article_1_linux",
  "historyId" : "21ad8dd197fb07a7baf3944de7e5a6ca",
  "time" : {
    "start" : 1598705430193,
    "stop" : 1598705493073,
    "duration" : 62880
  },
  "status" : "broken",
  "statusMessage" : "selenium.common.exceptions.NoSuchElementException: Message: 没有找到{}",
  "statusTrace" : "self = <page.app_page.index_page.IndexHandle object at 0x00000287B87BAE10>, channel_name = 'linux'\n\n    def check_channel_option(self, channel_name):\n        area_element = self.index_page.find_channel_area()\n        x = area_element.location['x']\n        y = area_element.location['y']\n        w = area_element.size['width']\n        h = area_element.size['height']\n        start_y = y + h * 0.5\n        start_x = x + w * 0.8\n        end_y = start_y\n        end_x = x + w * 0.2\n    \n        while True:\n            page_old = DriverUtils.get_app_driver().page_source\n    \n            try:\n>               self.index_page.find_channel_option(channel_name).click()\n\npage\\app_page\\index_page.py:48: \n_ _ _ _ _ _ _ _ _ _ _ _ _ _ _ _ _ _ _ _ _ _ _ _ _ _ _ _ _ _ _ _ _ _ _ _ _ _ _ _ _ _ _ _ _ _ _ _ _ _ _ _ _ _ _ _ _ _ _ _ _\n\nself = <page.app_page.index_page.IndexPage object at 0x00000287B87BADD8>, channel_name = 'linux'\n\n    def find_channel_option(self, channel_name):\n        # return self.find_elt(self.channel_option)\n        return DriverUtils.get_app_driver().find_element(self.channel_option[0],\n>                                                        self.channel_option[1].format(channel_name))\n\npage\\app_page\\index_page.py:19: \n_ _ _ _ _ _ _ _ _ _ _ _ _ _ _ _ _ _ _ _ _ _ _ _ _ _ _ _ _ _ _ _ _ _ _ _ _ _ _ _ _ _ _ _ _ _ _ _ _ _ _ _ _ _ _ _ _ _ _ _ _\n\nself = <appium.webdriver.webdriver.WebDriver (session=\"03a0b7b7-831f-4b22-9e50-592268ebc75a\")>, by = 'xpath'\nvalue = \"//*[contains(@text, 'linux')]\"\n\n    def find_element(self, by: str = By.ID, value: Union[str, Dict] = None) -> MobileWebElement:\n        \"\"\"'Private' method used by the find_element_by_* methods.\n    \n        Override for Appium\n    \n        Usage:\n            Use the corresponding find_element_by_* instead of this.\n    \n        Returns:\n            `appium.webdriver.webelement.WebElement`: The found element\n    \n        \"\"\"\n        # TODO: If we need, we should enable below converter for Web context\n        # if self.w3c:\n        #     if by == By.ID:\n        #         by = By.CSS_SELECTOR\n        #         value = '[id=\"%s\"]' % value\n        #     elif by == By.TAG_NAME:\n        #         by = By.CSS_SELECTOR\n        #     elif by == By.CLASS_NAME:\n        #         by = By.CSS_SELECTOR\n        #         value = \".%s\" % value\n        #     elif by == By.NAME:\n        #         by = By.CSS_SELECTOR\n        #         value = '[name=\"%s\"]' % value\n    \n        return self.execute(RemoteCommand.FIND_ELEMENT, {\n            'using': by,\n>           'value': value})['value']\n\nc:\\program files\\python36\\lib\\site-packages\\appium\\webdriver\\webdriver.py:281: \n_ _ _ _ _ _ _ _ _ _ _ _ _ _ _ _ _ _ _ _ _ _ _ _ _ _ _ _ _ _ _ _ _ _ _ _ _ _ _ _ _ _ _ _ _ _ _ _ _ _ _ _ _ _ _ _ _ _ _ _ _\n\nself = <appium.webdriver.webdriver.WebDriver (session=\"03a0b7b7-831f-4b22-9e50-592268ebc75a\")>\ndriver_command = 'findElement', params = {'using': 'xpath', 'value': \"//*[contains(@text, 'linux')]\"}\n\n    def execute(self, driver_command, params=None):\n        \"\"\"\n        Sends a command to be executed by a command.CommandExecutor.\n    \n        :Args:\n         - driver_command: The name of the command to execute as a string.\n         - params: A dictionary of named parameters to send with the command.\n    \n        :Returns:\n          The command's JSON response loaded into a dictionary object.\n        \"\"\"\n        if self.session_id is not None:\n            if not params:\n                params = {'sessionId': self.session_id}\n            elif 'sessionId' not in params:\n                params['sessionId'] = self.session_id\n    \n        params = self._wrap_value(params)\n        response = self.command_executor.execute(driver_command, params)\n        if response:\n>           self.error_handler.check_response(response)\n\nc:\\program files\\python36\\lib\\site-packages\\selenium\\webdriver\\remote\\webdriver.py:321: \n_ _ _ _ _ _ _ _ _ _ _ _ _ _ _ _ _ _ _ _ _ _ _ _ _ _ _ _ _ _ _ _ _ _ _ _ _ _ _ _ _ _ _ _ _ _ _ _ _ _ _ _ _ _ _ _ _ _ _ _ _\n\nself = <appium.webdriver.errorhandler.MobileErrorHandler object at 0x00000287B6E81B38>\nresponse = {'status': 404, 'value': '{\"value\":{\"error\":\"no such element\",\"message\":\"An element could not be located on the page u...\\\\\\\\core-js\\\\\\\\modules\\\\\\\\_microtask.js:18:1)\\\\n    at process._tickCallback (internal/process/next_tick.js:61:11)\"}}'}\n\n    def check_response(self, response: Dict) -> None:\n        try:\n            super().check_response(response)\n        except WebDriverException as wde:\n            if wde.msg == 'No such context found.':\n                raise NoSuchContextException(wde.msg, wde.screen, wde.stacktrace) from wde\n            else:\n>               raise wde\n\nc:\\program files\\python36\\lib\\site-packages\\appium\\webdriver\\errorhandler.py:31: \n_ _ _ _ _ _ _ _ _ _ _ _ _ _ _ _ _ _ _ _ _ _ _ _ _ _ _ _ _ _ _ _ _ _ _ _ _ _ _ _ _ _ _ _ _ _ _ _ _ _ _ _ _ _ _ _ _ _ _ _ _\n\nself = <appium.webdriver.errorhandler.MobileErrorHandler object at 0x00000287B6E81B38>\nresponse = {'status': 404, 'value': '{\"value\":{\"error\":\"no such element\",\"message\":\"An element could not be located on the page u...\\\\\\\\core-js\\\\\\\\modules\\\\\\\\_microtask.js:18:1)\\\\n    at process._tickCallback (internal/process/next_tick.js:61:11)\"}}'}\n\n    def check_response(self, response: Dict) -> None:\n        try:\n>           super().check_response(response)\n\nc:\\program files\\python36\\lib\\site-packages\\appium\\webdriver\\errorhandler.py:26: \n_ _ _ _ _ _ _ _ _ _ _ _ _ _ _ _ _ _ _ _ _ _ _ _ _ _ _ _ _ _ _ _ _ _ _ _ _ _ _ _ _ _ _ _ _ _ _ _ _ _ _ _ _ _ _ _ _ _ _ _ _\n\nself = <appium.webdriver.errorhandler.MobileErrorHandler object at 0x00000287B6E81B38>\nresponse = {'status': 404, 'value': '{\"value\":{\"error\":\"no such element\",\"message\":\"An element could not be located on the page u...\\\\\\\\core-js\\\\\\\\modules\\\\\\\\_microtask.js:18:1)\\\\n    at process._tickCallback (internal/process/next_tick.js:61:11)\"}}'}\n\n    def check_response(self, response):\n        \"\"\"\n        Checks that a JSON response from the WebDriver does not have an error.\n    \n        :Args:\n         - response - The JSON response from the WebDriver server as a dictionary\n           object.\n    \n        :Raises: If the response contains an error message.\n        \"\"\"\n        status = response.get('status', None)\n        if status is None or status == ErrorCode.SUCCESS:\n            return\n        value = None\n        message = response.get(\"message\", \"\")\n        screen = response.get(\"screen\", \"\")\n        stacktrace = None\n        if isinstance(status, int):\n            value_json = response.get('value', None)\n            if value_json and isinstance(value_json, basestring):\n                import json\n                try:\n                    value = json.loads(value_json)\n                    if len(value.keys()) == 1:\n                        value = value['value']\n                    status = value.get('error', None)\n                    if status is None:\n                        status = value[\"status\"]\n                        message = value[\"value\"]\n                        if not isinstance(message, basestring):\n                            value = message\n                            message = message.get('message')\n                    else:\n                        message = value.get('message', None)\n                except ValueError:\n                    pass\n    \n        exception_class = ErrorInResponseException\n        if status in ErrorCode.NO_SUCH_ELEMENT:\n            exception_class = NoSuchElementException\n        elif status in ErrorCode.NO_SUCH_FRAME:\n            exception_class = NoSuchFrameException\n        elif status in ErrorCode.NO_SUCH_WINDOW:\n            exception_class = NoSuchWindowException\n        elif status in ErrorCode.STALE_ELEMENT_REFERENCE:\n            exception_class = StaleElementReferenceException\n        elif status in ErrorCode.ELEMENT_NOT_VISIBLE:\n            exception_class = ElementNotVisibleException\n        elif status in ErrorCode.INVALID_ELEMENT_STATE:\n            exception_class = InvalidElementStateException\n        elif status in ErrorCode.INVALID_SELECTOR \\\n                or status in ErrorCode.INVALID_XPATH_SELECTOR \\\n                or status in ErrorCode.INVALID_XPATH_SELECTOR_RETURN_TYPER:\n            exception_class = InvalidSelectorException\n        elif status in ErrorCode.ELEMENT_IS_NOT_SELECTABLE:\n            exception_class = ElementNotSelectableException\n        elif status in ErrorCode.ELEMENT_NOT_INTERACTABLE:\n            exception_class = ElementNotInteractableException\n        elif status in ErrorCode.INVALID_COOKIE_DOMAIN:\n            exception_class = InvalidCookieDomainException\n        elif status in ErrorCode.UNABLE_TO_SET_COOKIE:\n            exception_class = UnableToSetCookieException\n        elif status in ErrorCode.TIMEOUT:\n            exception_class = TimeoutException\n        elif status in ErrorCode.SCRIPT_TIMEOUT:\n            exception_class = TimeoutException\n        elif status in ErrorCode.UNKNOWN_ERROR:\n            exception_class = WebDriverException\n        elif status in ErrorCode.UNEXPECTED_ALERT_OPEN:\n            exception_class = UnexpectedAlertPresentException\n        elif status in ErrorCode.NO_ALERT_OPEN:\n            exception_class = NoAlertPresentException\n        elif status in ErrorCode.IME_NOT_AVAILABLE:\n            exception_class = ImeNotAvailableException\n        elif status in ErrorCode.IME_ENGINE_ACTIVATION_FAILED:\n            exception_class = ImeActivationFailedException\n        elif status in ErrorCode.MOVE_TARGET_OUT_OF_BOUNDS:\n            exception_class = MoveTargetOutOfBoundsException\n        elif status in ErrorCode.JAVASCRIPT_ERROR:\n            exception_class = JavascriptException\n        elif status in ErrorCode.SESSION_NOT_CREATED:\n            exception_class = SessionNotCreatedException\n        elif status in ErrorCode.INVALID_ARGUMENT:\n            exception_class = InvalidArgumentException\n        elif status in ErrorCode.NO_SUCH_COOKIE:\n            exception_class = NoSuchCookieException\n        elif status in ErrorCode.UNABLE_TO_CAPTURE_SCREEN:\n            exception_class = ScreenshotException\n        elif status in ErrorCode.ELEMENT_CLICK_INTERCEPTED:\n            exception_class = ElementClickInterceptedException\n        elif status in ErrorCode.INSECURE_CERTIFICATE:\n            exception_class = InsecureCertificateException\n        elif status in ErrorCode.INVALID_COORDINATES:\n            exception_class = InvalidCoordinatesException\n        elif status in ErrorCode.INVALID_SESSION_ID:\n            exception_class = InvalidSessionIdException\n        elif status in ErrorCode.UNKNOWN_METHOD:\n            exception_class = UnknownMethodException\n        else:\n            exception_class = WebDriverException\n        if value == '' or value is None:\n            value = response['value']\n        if isinstance(value, basestring):\n            if exception_class == ErrorInResponseException:\n                raise exception_class(response, value)\n            raise exception_class(value)\n        if message == \"\" and 'message' in value:\n            message = value['message']\n    \n        screen = None\n        if 'screen' in value:\n            screen = value['screen']\n    \n        stacktrace = None\n        if 'stackTrace' in value and value['stackTrace']:\n            stacktrace = []\n            try:\n                for frame in value['stackTrace']:\n                    line = self._value_or_default(frame, 'lineNumber', '')\n                    file = self._value_or_default(frame, 'fileName', '<anonymous>')\n                    if line:\n                        file = \"%s:%s\" % (file, line)\n                    meth = self._value_or_default(frame, 'methodName', '<anonymous>')\n                    if 'className' in frame:\n                        meth = \"%s.%s\" % (frame['className'], meth)\n                    msg = \"    at %s (%s)\"\n                    msg = msg % (meth, file)\n                    stacktrace.append(msg)\n            except TypeError:\n                pass\n        if exception_class == ErrorInResponseException:\n            raise exception_class(response, message)\n        elif exception_class == UnexpectedAlertPresentException:\n            alert_text = None\n            if 'data' in value:\n                alert_text = value['data'].get('text')\n            elif 'alert' in value:\n                alert_text = value['alert'].get('text')\n            raise exception_class(message, screen, stacktrace, alert_text)\n>       raise exception_class(message, screen, stacktrace)\nE       selenium.common.exceptions.NoSuchElementException: Message: An element could not be located on the page using the given search parameters.\n\nc:\\program files\\python36\\lib\\site-packages\\selenium\\webdriver\\remote\\errorhandler.py:242: NoSuchElementException\n\nDuring handling of the above exception, another exception occurred:\n\na = (<case.app_case.test_query_artical.TestQueryAritcal testMethod=test_qy_article_1_linux>,)\n\n    @wraps(func)\n    def standalone_func(*a):\n>       return func(*(a + p.args), **p.kwargs)\n\nc:\\program files\\python36\\lib\\site-packages\\parameterized\\parameterized.py:530: \n_ _ _ _ _ _ _ _ _ _ _ _ _ _ _ _ _ _ _ _ _ _ _ _ _ _ _ _ _ _ _ _ _ _ _ _ _ _ _ _ _ _ _ _ _ _ _ _ _ _ _ _ _ _ _ _ _ _ _ _ _\ncase\\app_case\\test_query_artical.py:22: in test_qy_article\n    self.index_proxy.test_qari_by_channel(channel_name)\npage\\app_page\\index_page.py:66: in test_qari_by_channel\n    self.index_handle.check_channel_option(channel_name)\n_ _ _ _ _ _ _ _ _ _ _ _ _ _ _ _ _ _ _ _ _ _ _ _ _ _ _ _ _ _ _ _ _ _ _ _ _ _ _ _ _ _ _ _ _ _ _ _ _ _ _ _ _ _ _ _ _ _ _ _ _\n\nself = <page.app_page.index_page.IndexHandle object at 0x00000287B87BAE10>, channel_name = 'linux'\n\n    def check_channel_option(self, channel_name):\n        area_element = self.index_page.find_channel_area()\n        x = area_element.location['x']\n        y = area_element.location['y']\n        w = area_element.size['width']\n        h = area_element.size['height']\n        start_y = y + h * 0.5\n        start_x = x + w * 0.8\n        end_y = start_y\n        end_x = x + w * 0.2\n    \n        while True:\n            page_old = DriverUtils.get_app_driver().page_source\n    \n            try:\n                self.index_page.find_channel_option(channel_name).click()\n                break\n            except Exception as e:\n                DriverUtils.get_app_driver().swipe(start_x, start_y, end_x, end_y)\n                page_new = DriverUtils.get_app_driver().page_source\n                if page_new == page_old:\n>                   raise NoSuchElementException(\"没有找到{}\")\nE                   selenium.common.exceptions.NoSuchElementException: Message: 没有找到{}\n\npage\\app_page\\index_page.py:54: NoSuchElementException",
  "flaky" : false,
  "newFailed" : false,
  "beforeStages" : [ {
    "name" : "_UnitTestCase__pytest_class_setup",
    "time" : {
      "start" : 1598705323846,
      "stop" : 1598705331742,
      "duration" : 7896
    },
    "status" : "passed",
    "steps" : [ ],
    "attachments" : [ ],
    "parameters" : [ ],
    "attachmentsCount" : 0,
    "shouldDisplayMessage" : false,
    "hasContent" : false,
    "stepsCount" : 0
  } ],
  "afterStages" : [ {
    "name" : "_UnitTestCase__pytest_class_setup::0",
    "time" : {
      "start" : 1598705493127,
      "stop" : 1598705498049,
      "duration" : 4922
    },
    "status" : "passed",
    "steps" : [ ],
    "attachments" : [ ],
    "parameters" : [ ],
    "attachmentsCount" : 0,
    "shouldDisplayMessage" : false,
    "hasContent" : false,
    "stepsCount" : 0
  } ],
  "labels" : [ {
    "name" : "parentSuite",
    "value" : "case.app_case"
  }, {
    "name" : "suite",
    "value" : "test_query_artical"
  }, {
    "name" : "subSuite",
    "value" : "TestQueryAritcal"
  }, {
    "name" : "host",
    "value" : "DESKTOP-5VVFDST"
  }, {
    "name" : "thread",
    "value" : "29280-MainThread"
  }, {
    "name" : "framework",
    "value" : "pytest"
  }, {
    "name" : "language",
    "value" : "cpython3"
  }, {
    "name" : "package",
    "value" : "case.app_case.test_query_artical"
  }, {
    "name" : "resultFormat",
    "value" : "allure2"
  } ],
  "parameters" : [ ],
  "links" : [ ],
  "hidden" : true,
  "retry" : true,
  "extra" : {
    "categories" : [ ],
    "tags" : [ ]
  },
  "source" : "7d78407d021de5d6.json",
  "parameterValues" : [ ]
}